# JRE version: Java(TM) SE Runtime Environment (8.0_144-b01) (build 1.8.0_144-b01)
# Java VM: Java HotSpot(TM) 64-Bit Server VM (25.144-b01 mixed mode windows-amd64 compressed oops)
Heap:
 PSYoungGen      total 335872K, used 92581K [0x00000000d6100000, 0x00000000f3f00000, 0x0000000100000000)
  eden space 321536K, 28% used [0x00000000d6100000,0x00000000dbb69708,0x00000000e9b00000)
  from space 14336K, 0% used [0x00000000e9b00000,0x00000000e9b00000,0x00000000ea900000)
  to   space 20480K, 0% used [0x00000000f2b00000,0x00000000f2b00000,0x00000000f3f00000)
 ParOldGen       total 71680K, used 40204K [0x0000000082200000, 0x0000000086800000, 0x00000000d6100000)
  object space 71680K, 56% used [0x0000000082200000,0x0000000084943040,0x0000000086800000)
 Metaspace       used 63548K, capacity 65634K, committed 65840K, reserved 1107968K
  class space    used 7807K, capacity 8205K, committed 8272K, reserved 1048576K
GC Heap History (10 events):
Event: 8.489 GC heap before
{Heap before GC invocations=10 (full 1):
 PSYoungGen      total 237056K, used 69148K [0x00000000d6100000, 0x00000000e5900000, 0x0000000100000000)
  eden space 226304K, 25% used [0x00000000d6100000,0x00000000d9a09e68,0x00000000e3e00000)
  from space 10752K, 99% used [0x00000000e4e80000,0x00000000e58fd438,0x00000000e5900000)
  to   space 13312K, 0% used [0x00000000e3f00000,0x00000000e3f00000,0x00000000e4c00000)
 ParOldGen       total 48640K, used 11505K [0x0000000082200000, 0x0000000085180000, 0x00000000d6100000)
  object space 48640K, 23% used [0x0000000082200000,0x0000000082d3c7e0,0x0000000085180000)
 Metaspace       used 34794K, capacity 35954K, committed 36048K, reserved 1081344K
  class space    used 4492K, capacity 4755K, committed 4816K, reserved 1048576K
Event: 8.516 GC heap after
Heap after GC invocations=10 (full 1):
 PSYoungGen      total 240640K, used 12090K [0x00000000d6100000, 0x00000000eb780000, 0x0000000100000000)
  eden space 227328K, 0% used [0x00000000d6100000,0x00000000d6100000,0x00000000e3f00000)
  from space 13312K, 90% used [0x00000000e3f00000,0x00000000e4ace810,0x00000000e4c00000)
  to   space 14848K, 0% used [0x00000000ea900000,0x00000000ea900000,0x00000000eb780000)
 ParOldGen       total 48640K, used 11505K [0x0000000082200000, 0x0000000085180000, 0x00000000d6100000)
  object space 48640K, 23% used [0x0000000082200000,0x0000000082d3c7e0,0x0000000085180000)
 Metaspace       used 34794K, capacity 35954K, committed 36048K, reserved 1081344K
  class space    used 4492K, capacity 4755K, committed 4816K, reserved 1048576K
}
Event: 8.516 GC heap before
{Heap before GC invocations=11 (full 2):
 PSYoungGen      total 240640K, used 12090K [0x00000000d6100000, 0x00000000eb780000, 0x0000000100000000)
  eden space 227328K, 0% used [0x00000000d6100000,0x00000000d6100000,0x00000000e3f00000)
  from space 13312K, 90% used [0x00000000e3f00000,0x00000000e4ace810,0x00000000e4c00000)
  to   space 14848K, 0% used [0x00000000ea900000,0x00000000ea900000,0x00000000eb780000)
 ParOldGen       total 48640K, used 11505K [0x0000000082200000, 0x0000000085180000, 0x00000000d6100000)
  object space 48640K, 23% used [0x0000000082200000,0x0000000082d3c7e0,0x0000000085180000)
 Metaspace       used 34794K, capacity 35954K, committed 36048K, reserved 1081344K
  class space    used 4492K, capacity 4755K, committed 4816K, reserved 1048576K
Event: 8.611 GC heap after
Heap after GC invocations=11 (full 2):
 PSYoungGen      total 240640K, used 0K [0x00000000d6100000, 0x00000000eb780000, 0x0000000100000000)
  eden space 227328K, 0% used [0x00000000d6100000,0x00000000d6100000,0x00000000e3f00000)
  from space 13312K, 0% used [0x00000000e3f00000,0x00000000e3f00000,0x00000000e4c00000)
  to   space 14848K, 0% used [0x00000000ea900000,0x00000000ea900000,0x00000000eb780000)
 ParOldGen       total 71680K, used 17459K [0x0000000082200000, 0x0000000086800000, 0x00000000d6100000)
  object space 71680K, 24% used [0x0000000082200000,0x000000008330ccd8,0x0000000086800000)
 Metaspace       used 34794K, capacity 35954K, committed 36048K, reserved 1081344K
  class space    used 4492K, capacity 4755K, committed 4816K, reserved 1048576K
}
Event: 10.936 GC heap before
{Heap before GC invocations=12 (full 2):
 PSYoungGen      total 240640K, used 227328K [0x00000000d6100000, 0x00000000eb780000, 0x0000000100000000)
  eden space 227328K, 100% used [0x00000000d6100000,0x00000000e3f00000,0x00000000e3f00000)
  from space 13312K, 0% used [0x00000000e3f00000,0x00000000e3f00000,0x00000000e4c00000)
  to   space 14848K, 0% used [0x00000000ea900000,0x00000000ea900000,0x00000000eb780000)
 ParOldGen       total 71680K, used 17459K [0x0000000082200000, 0x0000000086800000, 0x00000000d6100000)
  object space 71680K, 24% used [0x0000000082200000,0x000000008330ccd8,0x0000000086800000)
 Metaspace       used 44083K, capacity 45464K, committed 45776K, reserved 1089536K
  class space    used 5459K, capacity 5758K, committed 5840K, reserved 1048576K
Event: 10.984 GC heap after
Heap after GC invocations=12 (full 2):
 PSYoungGen      total 336384K, used 9408K [0x00000000d6100000, 0x00000000eb800000, 0x0000000100000000)
  eden space 321536K, 0% used [0x00000000d6100000,0x00000000d6100000,0x00000000e9b00000)
  from space 14848K, 63% used [0x00000000ea900000,0x00000000eb2300d8,0x00000000eb780000)
  to   space 14336K, 0% used [0x00000000e9b00000,0x00000000e9b00000,0x00000000ea900000)
 ParOldGen       total 71680K, used 17467K [0x0000000082200000, 0x0000000086800000, 0x00000000d6100000)
  object space 71680K, 24% used [0x0000000082200000,0x000000008330ecd8,0x0000000086800000)
 Metaspace       used 44083K, capacity 45464K, committed 45776K, reserved 1089536K
  class space    used 5459K, capacity 5758K, committed 5840K, reserved 1048576K
}
Event: 14.968 GC heap before
{Heap before GC invocations=13 (full 2):
 PSYoungGen      total 336384K, used 283512K [0x00000000d6100000, 0x00000000eb800000, 0x0000000100000000)
  eden space 321536K, 85% used [0x00000000d6100000,0x00000000e6cae268,0x00000000e9b00000)
  from space 14848K, 63% used [0x00000000ea900000,0x00000000eb2300d8,0x00000000eb780000)
  to   space 14336K, 0% used [0x00000000e9b00000,0x00000000e9b00000,0x00000000ea900000)
 ParOldGen       total 71680K, used 17467K [0x0000000082200000, 0x0000000086800000, 0x00000000d6100000)
  object space 71680K, 24% used [0x0000000082200000,0x000000008330ecd8,0x0000000086800000)
 Metaspace       used 58065K, capacity 59998K, committed 60080K, reserved 1101824K
  class space    used 7225K, capacity 7603K, committed 7632K, reserved 1048576K
Event: 15.113 GC heap after
Heap after GC invocations=13 (full 2):
 PSYoungGen      total 335872K, used 14315K [0x00000000d6100000, 0x00000000f3f00000, 0x0000000100000000)
  eden space 321536K, 0% used [0x00000000d6100000,0x00000000d6100000,0x00000000e9b00000)
  from space 14336K, 99% used [0x00000000e9b00000,0x00000000ea8fafd8,0x00000000ea900000)
  to   space 20480K, 0% used [0x00000000f2b00000,0x00000000f2b00000,0x00000000f3f00000)
 ParOldGen       total 71680K, used 29102K [0x0000000082200000, 0x0000000086800000, 0x00000000d6100000)
  object space 71680K, 40% used [0x0000000082200000,0x0000000083e6b860,0x0000000086800000)
 Metaspace       used 58065K, capacity 59998K, committed 60080K, reserved 1101824K
  class space    used 7225K, capacity 7603K, committed 7632K, reserved 1048576K
}
Event: 15.113 GC heap before
{Heap before GC invocations=14 (full 3):
 PSYoungGen      total 335872K, used 14315K [0x00000000d6100000, 0x00000000f3f00000, 0x0000000100000000)
  eden space 321536K, 0% used [0x00000000d6100000,0x00000000d6100000,0x00000000e9b00000)
  from space 14336K, 99% used [0x00000000e9b00000,0x00000000ea8fafd8,0x00000000ea900000)
  to   space 20480K, 0% used [0x00000000f2b00000,0x00000000f2b00000,0x00000000f3f00000)
 ParOldGen       total 71680K, used 29102K [0x0000000082200000, 0x0000000086800000, 0x00000000d6100000)
  object space 71680K, 40% used [0x0000000082200000,0x0000000083e6b860,0x0000000086800000)
 Metaspace       used 58065K, capacity 59998K, committed 60080K, reserved 1101824K
  class space    used 7225K, capacity 7603K, committed 7632K, reserved 1048576K
Event: 15.350 GC heap after
Heap after GC invocations=14 (full 3):
 PSYoungGen      total 335872K, used 0K [0x00000000d6100000, 0x00000000f3f00000, 0x0000000100000000)
  eden space 321536K, 0% used [0x00000000d6100000,0x00000000d6100000,0x00000000e9b00000)
  from space 14336K, 0% used [0x00000000e9b00000,0x00000000e9b00000,0x00000000ea900000)
  to   space 20480K, 0% used [0x00000000f2b00000,0x00000000f2b00000,0x00000000f3f00000)
 ParOldGen       total 71680K, used 40204K [0x0000000082200000, 0x0000000086800000, 0x00000000d6100000)
  object space 71680K, 56% used [0x0000000082200000,0x0000000084943040,0x0000000086800000)
 Metaspace       used 58065K, capacity 59998K, committed 60080K, reserved 1101824K
  class space    used 7225K, capacity 7603K, committed 7632K, reserved 1048576K
}

