# JRE version: Java(TM) SE Runtime Environment (8.0_144-b01) (build 1.8.0_144-b01)
# Java VM: Java HotSpot(TM) 64-Bit Server VM (25.144-b01 mixed mode windows-amd64 compressed oops)
Heap:
 PSYoungGen      total 239616K, used 48712K [0x00000000d6100000, 0x00000000ead00000, 0x0000000100000000)
  eden space 226816K, 15% used [0x00000000d6100000,0x00000000d84166b0,0x00000000e3e80000)
  from space 12800K, 99% used [0x00000000e3e80000,0x00000000e4afbc80,0x00000000e4b00000)
  to   space 16896K, 0% used [0x00000000e9c80000,0x00000000e9c80000,0x00000000ead00000)
 ParOldGen       total 73216K, used 21526K [0x0000000082200000, 0x0000000086980000, 0x00000000d6100000)
  object space 73216K, 29% used [0x0000000082200000,0x0000000083705a60,0x0000000086980000)
 Metaspace       used 50053K, capacity 52400K, committed 52608K, reserved 1095680K
  class space    used 6571K, capacity 6998K, committed 7040K, reserved 1048576K
GC Heap History (10 events):
Event: 2.079 GC heap before
{Heap before GC invocations=7 (full 1):
 PSYoungGen      total 139776K, used 5484K [0x00000000d6100000, 0x00000000df300000, 0x0000000100000000)
  eden space 131072K, 0% used [0x00000000d6100000,0x00000000d6100000,0x00000000de100000)
  from space 8704K, 63% used [0x00000000dea80000,0x00000000defdb0c8,0x00000000df300000)
  to   space 9216K, 0% used [0x00000000de100000,0x00000000de100000,0x00000000dea00000)
 ParOldGen       total 86016K, used 5849K [0x0000000082200000, 0x0000000087600000, 0x00000000d6100000)
  object space 86016K, 6% used [0x0000000082200000,0x00000000827b66a0,0x0000000087600000)
 Metaspace       used 20583K, capacity 21206K, committed 21296K, reserved 1067008K
  class space    used 2672K, capacity 2855K, committed 2944K, reserved 1048576K
Event: 2.106 GC heap after
Heap after GC invocations=7 (full 1):
 PSYoungGen      total 139776K, used 0K [0x00000000d6100000, 0x00000000df300000, 0x0000000100000000)
  eden space 131072K, 0% used [0x00000000d6100000,0x00000000d6100000,0x00000000de100000)
  from space 8704K, 0% used [0x00000000dea80000,0x00000000dea80000,0x00000000df300000)
  to   space 9216K, 0% used [0x00000000de100000,0x00000000de100000,0x00000000dea00000)
 ParOldGen       total 49152K, used 5337K [0x0000000082200000, 0x0000000085200000, 0x00000000d6100000)
  object space 49152K, 10% used [0x0000000082200000,0x0000000082736558,0x0000000085200000)
 Metaspace       used 20581K, capacity 21200K, committed 21296K, reserved 1067008K
  class space    used 2672K, capacity 2854K, committed 2944K, reserved 1048576K
}
Event: 4.045 GC heap before
{Heap before GC invocations=8 (full 1):
 PSYoungGen      total 139776K, used 131072K [0x00000000d6100000, 0x00000000df300000, 0x0000000100000000)
  eden space 131072K, 100% used [0x00000000d6100000,0x00000000de100000,0x00000000de100000)
  from space 8704K, 0% used [0x00000000dea80000,0x00000000dea80000,0x00000000df300000)
  to   space 9216K, 0% used [0x00000000de100000,0x00000000de100000,0x00000000dea00000)
 ParOldGen       total 49152K, used 5337K [0x0000000082200000, 0x0000000085200000, 0x00000000d6100000)
  object space 49152K, 10% used [0x0000000082200000,0x0000000082736558,0x0000000085200000)
 Metaspace       used 28931K, capacity 29858K, committed 30208K, reserved 1075200K
  class space    used 3751K, capacity 3987K, committed 4096K, reserved 1048576K
Event: 4.058 GC heap after
Heap after GC invocations=8 (full 1):
 PSYoungGen      total 140288K, used 9210K [0x00000000d6100000, 0x00000000e5780000, 0x0000000100000000)
  eden space 131072K, 0% used [0x00000000d6100000,0x00000000d6100000,0x00000000de100000)
  from space 9216K, 99% used [0x00000000de100000,0x00000000de9fe8a0,0x00000000dea00000)
  to   space 11264K, 0% used [0x00000000e4c80000,0x00000000e4c80000,0x00000000e5780000)
 ParOldGen       total 49152K, used 6915K [0x0000000082200000, 0x0000000085200000, 0x00000000d6100000)
  object space 49152K, 14% used [0x0000000082200000,0x00000000828c0c38,0x0000000085200000)
 Metaspace       used 28931K, capacity 29858K, committed 30208K, reserved 1075200K
  class space    used 3751K, capacity 3987K, committed 4096K, reserved 1048576K
}
Event: 5.682 GC heap before
{Heap before GC invocations=9 (full 1):
 PSYoungGen      total 140288K, used 106079K [0x00000000d6100000, 0x00000000e5780000, 0x0000000100000000)
  eden space 131072K, 73% used [0x00000000d6100000,0x00000000dbf99718,0x00000000de100000)
  from space 9216K, 99% used [0x00000000de100000,0x00000000de9fe8a0,0x00000000dea00000)
  to   space 11264K, 0% used [0x00000000e4c80000,0x00000000e4c80000,0x00000000e5780000)
 ParOldGen       total 49152K, used 6915K [0x0000000082200000, 0x0000000085200000, 0x00000000d6100000)
  object space 49152K, 14% used [0x0000000082200000,0x00000000828c0c38,0x0000000085200000)
 Metaspace       used 34137K, capacity 35396K, committed 35496K, reserved 1079296K
  class space    used 4502K, capacity 4786K, committed 4864K, reserved 1048576K
Event: 5.701 GC heap after
Heap after GC invocations=9 (full 1):
 PSYoungGen      total 236544K, used 11256K [0x00000000d6100000, 0x00000000e5780000, 0x0000000100000000)
  eden space 225280K, 0% used [0x00000000d6100000,0x00000000d6100000,0x00000000e3d00000)
  from space 11264K, 99% used [0x00000000e4c80000,0x00000000e577e340,0x00000000e5780000)
  to   space 12800K, 0% used [0x00000000e3e80000,0x00000000e3e80000,0x00000000e4b00000)
 ParOldGen       total 49152K, used 7104K [0x0000000082200000, 0x0000000085200000, 0x00000000d6100000)
  object space 49152K, 14% used [0x0000000082200000,0x00000000828f0388,0x0000000085200000)
 Metaspace       used 34137K, capacity 35396K, committed 35496K, reserved 1079296K
  class space    used 4502K, capacity 4786K, committed 4864K, reserved 1048576K
}
Event: 5.701 GC heap before
{Heap before GC invocations=10 (full 2):
 PSYoungGen      total 236544K, used 11256K [0x00000000d6100000, 0x00000000e5780000, 0x0000000100000000)
  eden space 225280K, 0% used [0x00000000d6100000,0x00000000d6100000,0x00000000e3d00000)
  from space 11264K, 99% used [0x00000000e4c80000,0x00000000e577e340,0x00000000e5780000)
  to   space 12800K, 0% used [0x00000000e3e80000,0x00000000e3e80000,0x00000000e4b00000)
 ParOldGen       total 49152K, used 7104K [0x0000000082200000, 0x0000000085200000, 0x00000000d6100000)
  object space 49152K, 14% used [0x0000000082200000,0x00000000828f0388,0x0000000085200000)
 Metaspace       used 34137K, capacity 35396K, committed 35496K, reserved 1079296K
  class space    used 4502K, capacity 4786K, committed 4864K, reserved 1048576K
Event: 5.777 GC heap after
Heap after GC invocations=10 (full 2):
 PSYoungGen      total 236544K, used 0K [0x00000000d6100000, 0x00000000e5780000, 0x0000000100000000)
  eden space 225280K, 0% used [0x00000000d6100000,0x00000000d6100000,0x00000000e3d00000)
  from space 11264K, 0% used [0x00000000e4c80000,0x00000000e4c80000,0x00000000e5780000)
  to   space 12800K, 0% used [0x00000000e3e80000,0x00000000e3e80000,0x00000000e4b00000)
 ParOldGen       total 73216K, used 15823K [0x0000000082200000, 0x0000000086980000, 0x00000000d6100000)
  object space 73216K, 21% used [0x0000000082200000,0x0000000083173cc0,0x0000000086980000)
 Metaspace       used 34137K, capacity 35396K, committed 35496K, reserved 1079296K
  class space    used 4502K, capacity 4786K, committed 4864K, reserved 1048576K
}
Event: 51.000 GC heap before
{Heap before GC invocations=11 (full 2):
 PSYoungGen      total 236544K, used 225280K [0x00000000d6100000, 0x00000000e5780000, 0x0000000100000000)
  eden space 225280K, 100% used [0x00000000d6100000,0x00000000e3d00000,0x00000000e3d00000)
  from space 11264K, 0% used [0x00000000e4c80000,0x00000000e4c80000,0x00000000e5780000)
  to   space 12800K, 0% used [0x00000000e3e80000,0x00000000e3e80000,0x00000000e4b00000)
 ParOldGen       total 73216K, used 15823K [0x0000000082200000, 0x0000000086980000, 0x00000000d6100000)
  object space 73216K, 21% used [0x0000000082200000,0x0000000083173cc0,0x0000000086980000)
 Metaspace       used 49398K, capacity 51712K, committed 51840K, reserved 1093632K
  class space    used 6561K, capacity 6982K, committed 7040K, reserved 1048576K
Event: 51.044 GC heap after
Heap after GC invocations=11 (full 2):
 PSYoungGen      total 239616K, used 12783K [0x00000000d6100000, 0x00000000ead00000, 0x0000000100000000)
  eden space 226816K, 0% used [0x00000000d6100000,0x00000000d6100000,0x00000000e3e80000)
  from space 12800K, 99% used [0x00000000e3e80000,0x00000000e4afbc80,0x00000000e4b00000)
  to   space 16896K, 0% used [0x00000000e9c80000,0x00000000e9c80000,0x00000000ead00000)
 ParOldGen       total 73216K, used 21526K [0x0000000082200000, 0x0000000086980000, 0x00000000d6100000)
  object space 73216K, 29% used [0x0000000082200000,0x0000000083705a60,0x0000000086980000)
 Metaspace       used 49398K, capacity 51712K, committed 51840K, reserved 1093632K
  class space    used 6561K, capacity 6982K, committed 7040K, reserved 1048576K
}

