# JRE version: Java(TM) SE Runtime Environment (8.0_144-b01) (build 1.8.0_144-b01)
# Java VM: Java HotSpot(TM) 64-Bit Server VM (25.144-b01 mixed mode windows-amd64 compressed oops)
Heap:
 PSYoungGen      total 282624K, used 130973K [0x00000000d6100000, 0x00000000eb980000, 0x0000000100000000)
  eden space 257536K, 42% used [0x00000000d6100000,0x00000000dcbe68b8,0x00000000e5c80000)
  from space 25088K, 85% used [0x00000000e5c80000,0x00000000e7180c18,0x00000000e7500000)
  to   space 27136K, 0% used [0x00000000e9f00000,0x00000000e9f00000,0x00000000eb980000)
 ParOldGen       total 108032K, used 41415K [0x0000000082200000, 0x0000000088b80000, 0x00000000d6100000)
  object space 108032K, 38% used [0x0000000082200000,0x0000000084a71d08,0x0000000088b80000)
 Metaspace       used 26078K, capacity 27202K, committed 27520K, reserved 1073152K
  class space    used 2999K, capacity 3358K, committed 3456K, reserved 1048576K
GC Heap History (10 events):
Event: 7.200 GC heap before
{Heap before GC invocations=6 (full 0):
 PSYoungGen      total 70656K, used 70640K [0x00000000d6100000, 0x00000000dfd00000, 0x0000000100000000)
  eden space 65536K, 100% used [0x00000000d6100000,0x00000000da100000,0x00000000da100000)
  from space 5120K, 99% used [0x00000000da100000,0x00000000da5fc030,0x00000000da600000)
  to   space 14336K, 0% used [0x00000000def00000,0x00000000def00000,0x00000000dfd00000)
 ParOldGen       total 86016K, used 19034K [0x0000000082200000, 0x0000000087600000, 0x00000000d6100000)
  object space 86016K, 22% used [0x0000000082200000,0x0000000083496820,0x0000000087600000)
 Metaspace       used 17641K, capacity 18100K, committed 18304K, reserved 1064960K
  class space    used 2004K, capacity 2123K, committed 2176K, reserved 1048576K
Event: 7.220 GC heap after
Heap after GC invocations=6 (full 0):
 PSYoungGen      total 143872K, used 13440K [0x00000000d6100000, 0x00000000e0000000, 0x0000000100000000)
  eden space 129536K, 0% used [0x00000000d6100000,0x00000000d6100000,0x00000000ddf80000)
  from space 14336K, 93% used [0x00000000def00000,0x00000000dfc20020,0x00000000dfd00000)
  to   space 15872K, 0% used [0x00000000ddf80000,0x00000000ddf80000,0x00000000def00000)
 ParOldGen       total 86016K, used 19042K [0x0000000082200000, 0x0000000087600000, 0x00000000d6100000)
  object space 86016K, 22% used [0x0000000082200000,0x0000000083498820,0x0000000087600000)
 Metaspace       used 17641K, capacity 18100K, committed 18304K, reserved 1064960K
  class space    used 2004K, capacity 2123K, committed 2176K, reserved 1048576K
}
Event: 8.917 GC heap before
{Heap before GC invocations=7 (full 0):
 PSYoungGen      total 143872K, used 142976K [0x00000000d6100000, 0x00000000e0000000, 0x0000000100000000)
  eden space 129536K, 100% used [0x00000000d6100000,0x00000000ddf80000,0x00000000ddf80000)
  from space 14336K, 93% used [0x00000000def00000,0x00000000dfc20020,0x00000000dfd00000)
  to   space 15872K, 0% used [0x00000000ddf80000,0x00000000ddf80000,0x00000000def00000)
 ParOldGen       total 86016K, used 19042K [0x0000000082200000, 0x0000000087600000, 0x00000000d6100000)
  object space 86016K, 22% used [0x0000000082200000,0x0000000083498820,0x0000000087600000)
 Metaspace       used 19506K, capacity 20260K, committed 20352K, reserved 1067008K
  class space    used 2214K, capacity 2414K, committed 2432K, reserved 1048576K
Event: 8.972 GC heap after
Heap after GC invocations=7 (full 0):
 PSYoungGen      total 145408K, used 15840K [0x00000000d6100000, 0x00000000e8c00000, 0x0000000100000000)
  eden space 129536K, 0% used [0x00000000d6100000,0x00000000d6100000,0x00000000ddf80000)
  from space 15872K, 99% used [0x00000000ddf80000,0x00000000deef8020,0x00000000def00000)
  to   space 23552K, 0% used [0x00000000e7500000,0x00000000e7500000,0x00000000e8c00000)
 ParOldGen       total 86016K, used 29681K [0x0000000082200000, 0x0000000087600000, 0x00000000d6100000)
  object space 86016K, 34% used [0x0000000082200000,0x0000000083efc7f8,0x0000000087600000)
 Metaspace       used 19506K, capacity 20260K, committed 20352K, reserved 1067008K
  class space    used 2214K, capacity 2414K, committed 2432K, reserved 1048576K
}
Event: 12.114 GC heap before
{Heap before GC invocations=8 (full 0):
 PSYoungGen      total 145408K, used 95975K [0x00000000d6100000, 0x00000000e8c00000, 0x0000000100000000)
  eden space 129536K, 61% used [0x00000000d6100000,0x00000000daf41da8,0x00000000ddf80000)
  from space 15872K, 99% used [0x00000000ddf80000,0x00000000deef8020,0x00000000def00000)
  to   space 23552K, 0% used [0x00000000e7500000,0x00000000e7500000,0x00000000e8c00000)
 ParOldGen       total 86016K, used 29681K [0x0000000082200000, 0x0000000087600000, 0x00000000d6100000)
  object space 86016K, 34% used [0x0000000082200000,0x0000000083efc7f8,0x0000000087600000)
 Metaspace       used 20391K, capacity 21198K, committed 21248K, reserved 1069056K
  class space    used 2303K, capacity 2559K, committed 2560K, reserved 1048576K
Event: 12.150 GC heap after
Heap after GC invocations=8 (full 0):
 PSYoungGen      total 281088K, used 18281K [0x00000000d6100000, 0x00000000e8f00000, 0x0000000100000000)
  eden space 257536K, 0% used [0x00000000d6100000,0x00000000d6100000,0x00000000e5c80000)
  from space 23552K, 77% used [0x00000000e7500000,0x00000000e86da750,0x00000000e8c00000)
  to   space 25088K, 0% used [0x00000000e5c80000,0x00000000e5c80000,0x00000000e7500000)
 ParOldGen       total 86016K, used 32813K [0x0000000082200000, 0x0000000087600000, 0x00000000d6100000)
  object space 86016K, 38% used [0x0000000082200000,0x000000008420b638,0x0000000087600000)
 Metaspace       used 20391K, capacity 21198K, committed 21248K, reserved 1069056K
  class space    used 2303K, capacity 2559K, committed 2560K, reserved 1048576K
}
Event: 12.150 GC heap before
{Heap before GC invocations=9 (full 1):
 PSYoungGen      total 281088K, used 18281K [0x00000000d6100000, 0x00000000e8f00000, 0x0000000100000000)
  eden space 257536K, 0% used [0x00000000d6100000,0x00000000d6100000,0x00000000e5c80000)
  from space 23552K, 77% used [0x00000000e7500000,0x00000000e86da750,0x00000000e8c00000)
  to   space 25088K, 0% used [0x00000000e5c80000,0x00000000e5c80000,0x00000000e7500000)
 ParOldGen       total 86016K, used 32813K [0x0000000082200000, 0x0000000087600000, 0x00000000d6100000)
  object space 86016K, 38% used [0x0000000082200000,0x000000008420b638,0x0000000087600000)
 Metaspace       used 20391K, capacity 21198K, committed 21248K, reserved 1069056K
  class space    used 2303K, capacity 2559K, committed 2560K, reserved 1048576K
Event: 12.601 GC heap after
Heap after GC invocations=9 (full 1):
 PSYoungGen      total 281088K, used 0K [0x00000000d6100000, 0x00000000e8f00000, 0x0000000100000000)
  eden space 257536K, 0% used [0x00000000d6100000,0x00000000d6100000,0x00000000e5c80000)
  from space 23552K, 0% used [0x00000000e7500000,0x00000000e7500000,0x00000000e8c00000)
  to   space 25088K, 0% used [0x00000000e5c80000,0x00000000e5c80000,0x00000000e7500000)
 ParOldGen       total 108032K, used 41407K [0x0000000082200000, 0x0000000088b80000, 0x00000000d6100000)
  object space 108032K, 38% used [0x0000000082200000,0x0000000084a6fd08,0x0000000088b80000)
 Metaspace       used 20391K, capacity 21198K, committed 21248K, reserved 1069056K
  class space    used 2303K, capacity 2559K, committed 2560K, reserved 1048576K
}
Event: 35.379 GC heap before
{Heap before GC invocations=10 (full 1):
 PSYoungGen      total 281088K, used 255466K [0x00000000d6100000, 0x00000000e8f00000, 0x0000000100000000)
  eden space 257536K, 99% used [0x00000000d6100000,0x00000000e5a7abb8,0x00000000e5c80000)
  from space 23552K, 0% used [0x00000000e7500000,0x00000000e7500000,0x00000000e8c00000)
  to   space 25088K, 0% used [0x00000000e5c80000,0x00000000e5c80000,0x00000000e7500000)
 ParOldGen       total 108032K, used 41407K [0x0000000082200000, 0x0000000088b80000, 0x00000000d6100000)
  object space 108032K, 38% used [0x0000000082200000,0x0000000084a6fd08,0x0000000088b80000)
 Metaspace       used 25991K, capacity 27138K, committed 27264K, reserved 1073152K
  class space    used 2999K, capacity 3358K, committed 3456K, reserved 1048576K
Event: 35.436 GC heap after
Heap after GC invocations=10 (full 1):
 PSYoungGen      total 282624K, used 21507K [0x00000000d6100000, 0x00000000eb980000, 0x0000000100000000)
  eden space 257536K, 0% used [0x00000000d6100000,0x00000000d6100000,0x00000000e5c80000)
  from space 25088K, 85% used [0x00000000e5c80000,0x00000000e7180c18,0x00000000e7500000)
  to   space 27136K, 0% used [0x00000000e9f00000,0x00000000e9f00000,0x00000000eb980000)
 ParOldGen       total 108032K, used 41415K [0x0000000082200000, 0x0000000088b80000, 0x00000000d6100000)
  object space 108032K, 38% used [0x0000000082200000,0x0000000084a71d08,0x0000000088b80000)
 Metaspace       used 25991K, capacity 27138K, committed 27264K, reserved 1073152K
  class space    used 2999K, capacity 3358K, committed 3456K, reserved 1048576K
}

