# JRE version: Java(TM) SE Runtime Environment (8.0_144-b01) (build 1.8.0_144-b01)
# Java VM: Java HotSpot(TM) 64-Bit Server VM (25.144-b01 mixed mode windows-amd64 compressed oops)
Heap:
 PSYoungGen      total 281600K, used 48605K [0x00000000d6100000, 0x00000000e8d00000, 0x0000000100000000)
  eden space 259072K, 18% used [0x00000000d6100000,0x00000000d90775e8,0x00000000e5e00000)
  from space 22528K, 0% used [0x00000000e7500000,0x00000000e7500000,0x00000000e8b00000)
  to   space 23552K, 0% used [0x00000000e5e00000,0x00000000e5e00000,0x00000000e7500000)
 ParOldGen       total 107520K, used 40071K [0x0000000082200000, 0x0000000088b00000, 0x00000000d6100000)
  object space 107520K, 37% used [0x0000000082200000,0x0000000084921ff0,0x0000000088b00000)
 Metaspace       used 22113K, capacity 23030K, committed 23296K, reserved 1071104K
  class space    used 2530K, capacity 2802K, committed 2816K, reserved 1048576K
GC Heap History (10 events):
Event: 4.507 GC heap before
{Heap before GC invocations=5 (full 0):
 PSYoungGen      total 70656K, used 70648K [0x00000000d6100000, 0x00000000dab00000, 0x0000000100000000)
  eden space 65536K, 100% used [0x00000000d6100000,0x00000000da100000,0x00000000da100000)
  from space 5120K, 99% used [0x00000000da600000,0x00000000daafe030,0x00000000dab00000)
  to   space 5120K, 0% used [0x00000000da100000,0x00000000da100000,0x00000000da600000)
 ParOldGen       total 86016K, used 10897K [0x0000000082200000, 0x0000000087600000, 0x00000000d6100000)
  object space 86016K, 12% used [0x0000000082200000,0x0000000082ca4570,0x0000000087600000)
 Metaspace       used 17243K, capacity 17680K, committed 18048K, reserved 1064960K
  class space    used 2000K, capacity 2117K, committed 2176K, reserved 1048576K
Event: 4.529 GC heap after
Heap after GC invocations=5 (full 0):
 PSYoungGen      total 70656K, used 5104K [0x00000000d6100000, 0x00000000dfd00000, 0x0000000100000000)
  eden space 65536K, 0% used [0x00000000d6100000,0x00000000d6100000,0x00000000da100000)
  from space 5120K, 99% used [0x00000000da100000,0x00000000da5fc010,0x00000000da600000)
  to   space 14336K, 0% used [0x00000000def00000,0x00000000def00000,0x00000000dfd00000)
 ParOldGen       total 86016K, used 19551K [0x0000000082200000, 0x0000000087600000, 0x00000000d6100000)
  object space 86016K, 22% used [0x0000000082200000,0x0000000083517db0,0x0000000087600000)
 Metaspace       used 17243K, capacity 17680K, committed 18048K, reserved 1064960K
  class space    used 2000K, capacity 2117K, committed 2176K, reserved 1048576K
}
Event: 5.672 GC heap before
{Heap before GC invocations=6 (full 0):
 PSYoungGen      total 70656K, used 70640K [0x00000000d6100000, 0x00000000dfd00000, 0x0000000100000000)
  eden space 65536K, 100% used [0x00000000d6100000,0x00000000da100000,0x00000000da100000)
  from space 5120K, 99% used [0x00000000da100000,0x00000000da5fc010,0x00000000da600000)
  to   space 14336K, 0% used [0x00000000def00000,0x00000000def00000,0x00000000dfd00000)
 ParOldGen       total 86016K, used 19551K [0x0000000082200000, 0x0000000087600000, 0x00000000d6100000)
  object space 86016K, 22% used [0x0000000082200000,0x0000000083517db0,0x0000000087600000)
 Metaspace       used 17886K, capacity 18380K, committed 18688K, reserved 1064960K
  class space    used 2035K, capacity 2195K, committed 2304K, reserved 1048576K
Event: 5.686 GC heap after
Heap after GC invocations=6 (full 0):
 PSYoungGen      total 144384K, used 11836K [0x00000000d6100000, 0x00000000dff00000, 0x0000000100000000)
  eden space 130048K, 0% used [0x00000000d6100000,0x00000000d6100000,0x00000000de000000)
  from space 14336K, 82% used [0x00000000def00000,0x00000000dfa8f080,0x00000000dfd00000)
  to   space 15360K, 0% used [0x00000000de000000,0x00000000de000000,0x00000000def00000)
 ParOldGen       total 86016K, used 19551K [0x0000000082200000, 0x0000000087600000, 0x00000000d6100000)
  object space 86016K, 22% used [0x0000000082200000,0x0000000083517db0,0x0000000087600000)
 Metaspace       used 17886K, capacity 18380K, committed 18688K, reserved 1064960K
  class space    used 2035K, capacity 2195K, committed 2304K, reserved 1048576K
}
Event: 7.675 GC heap before
{Heap before GC invocations=7 (full 0):
 PSYoungGen      total 144384K, used 141884K [0x00000000d6100000, 0x00000000dff00000, 0x0000000100000000)
  eden space 130048K, 100% used [0x00000000d6100000,0x00000000de000000,0x00000000de000000)
  from space 14336K, 82% used [0x00000000def00000,0x00000000dfa8f080,0x00000000dfd00000)
  to   space 15360K, 0% used [0x00000000de000000,0x00000000de000000,0x00000000def00000)
 ParOldGen       total 86016K, used 19551K [0x0000000082200000, 0x0000000087600000, 0x00000000d6100000)
  object space 86016K, 22% used [0x0000000082200000,0x0000000083517db0,0x0000000087600000)
 Metaspace       used 19449K, capacity 20196K, committed 20352K, reserved 1067008K
  class space    used 2215K, capacity 2414K, committed 2432K, reserved 1048576K
Event: 7.730 GC heap after
Heap after GC invocations=7 (full 0):
 PSYoungGen      total 145408K, used 15344K [0x00000000d6100000, 0x00000000e8b00000, 0x0000000100000000)
  eden space 130048K, 0% used [0x00000000d6100000,0x00000000d6100000,0x00000000de000000)
  from space 15360K, 99% used [0x00000000de000000,0x00000000deefc010,0x00000000def00000)
  to   space 22528K, 0% used [0x00000000e7500000,0x00000000e7500000,0x00000000e8b00000)
 ParOldGen       total 86016K, used 29921K [0x0000000082200000, 0x0000000087600000, 0x00000000d6100000)
  object space 86016K, 34% used [0x0000000082200000,0x0000000083f387a8,0x0000000087600000)
 Metaspace       used 19449K, capacity 20196K, committed 20352K, reserved 1067008K
  class space    used 2215K, capacity 2414K, committed 2432K, reserved 1048576K
}
Event: 10.314 GC heap before
{Heap before GC invocations=8 (full 0):
 PSYoungGen      total 145408K, used 82873K [0x00000000d6100000, 0x00000000e8b00000, 0x0000000100000000)
  eden space 130048K, 51% used [0x00000000d6100000,0x00000000da2f2610,0x00000000de000000)
  from space 15360K, 99% used [0x00000000de000000,0x00000000deefc010,0x00000000def00000)
  to   space 22528K, 0% used [0x00000000e7500000,0x00000000e7500000,0x00000000e8b00000)
 ParOldGen       total 86016K, used 29921K [0x0000000082200000, 0x0000000087600000, 0x00000000d6100000)
  object space 86016K, 34% used [0x0000000082200000,0x0000000083f387a8,0x0000000087600000)
 Metaspace       used 20381K, capacity 21166K, committed 21248K, reserved 1069056K
  class space    used 2294K, capacity 2527K, committed 2560K, reserved 1048576K
Event: 10.338 GC heap after
Heap after GC invocations=8 (full 0):
 PSYoungGen      total 281600K, used 16729K [0x00000000d6100000, 0x00000000e8d00000, 0x0000000100000000)
  eden space 259072K, 0% used [0x00000000d6100000,0x00000000d6100000,0x00000000e5e00000)
  from space 22528K, 74% used [0x00000000e7500000,0x00000000e8556448,0x00000000e8b00000)
  to   space 23552K, 0% used [0x00000000e5e00000,0x00000000e5e00000,0x00000000e7500000)
 ParOldGen       total 86016K, used 32177K [0x0000000082200000, 0x0000000087600000, 0x00000000d6100000)
  object space 86016K, 37% used [0x0000000082200000,0x000000008416c7b8,0x0000000087600000)
 Metaspace       used 20381K, capacity 21166K, committed 21248K, reserved 1069056K
  class space    used 2294K, capacity 2527K, committed 2560K, reserved 1048576K
}
Event: 10.338 GC heap before
{Heap before GC invocations=9 (full 1):
 PSYoungGen      total 281600K, used 16729K [0x00000000d6100000, 0x00000000e8d00000, 0x0000000100000000)
  eden space 259072K, 0% used [0x00000000d6100000,0x00000000d6100000,0x00000000e5e00000)
  from space 22528K, 74% used [0x00000000e7500000,0x00000000e8556448,0x00000000e8b00000)
  to   space 23552K, 0% used [0x00000000e5e00000,0x00000000e5e00000,0x00000000e7500000)
 ParOldGen       total 86016K, used 32177K [0x0000000082200000, 0x0000000087600000, 0x00000000d6100000)
  object space 86016K, 37% used [0x0000000082200000,0x000000008416c7b8,0x0000000087600000)
 Metaspace       used 20381K, capacity 21166K, committed 21248K, reserved 1069056K
  class space    used 2294K, capacity 2527K, committed 2560K, reserved 1048576K
Event: 10.731 GC heap after
Heap after GC invocations=9 (full 1):
 PSYoungGen      total 281600K, used 0K [0x00000000d6100000, 0x00000000e8d00000, 0x0000000100000000)
  eden space 259072K, 0% used [0x00000000d6100000,0x00000000d6100000,0x00000000e5e00000)
  from space 22528K, 0% used [0x00000000e7500000,0x00000000e7500000,0x00000000e8b00000)
  to   space 23552K, 0% used [0x00000000e5e00000,0x00000000e5e00000,0x00000000e7500000)
 ParOldGen       total 107520K, used 40071K [0x0000000082200000, 0x0000000088b00000, 0x00000000d6100000)
  object space 107520K, 37% used [0x0000000082200000,0x0000000084921ff0,0x0000000088b00000)
 Metaspace       used 20381K, capacity 21166K, committed 21248K, reserved 1069056K
  class space    used 2294K, capacity 2527K, committed 2560K, reserved 1048576K
}

