# JRE version: Java(TM) SE Runtime Environment (8.0_144-b01) (build 1.8.0_144-b01)
# Java VM: Java HotSpot(TM) 64-Bit Server VM (25.144-b01 mixed mode windows-amd64 compressed oops)
Heap:
 PSYoungGen      total 107008K, used 29977K [0x00000000d6100000, 0x00000000dd400000, 0x0000000100000000)
  eden space 98816K, 22% used [0x00000000d6100000,0x00000000d764aa80,0x00000000dc180000)
  from space 8192K, 99% used [0x00000000dca80000,0x00000000dd27ba60,0x00000000dd280000)
  to   space 9216K, 0% used [0x00000000dc180000,0x00000000dc180000,0x00000000dca80000)
 ParOldGen       total 54272K, used 8709K [0x0000000082200000, 0x0000000085700000, 0x00000000d6100000)
  object space 54272K, 16% used [0x0000000082200000,0x0000000082a81648,0x0000000085700000)
 Metaspace       used 33743K, capacity 35262K, committed 35496K, reserved 1079296K
  class space    used 4385K, capacity 4665K, committed 4784K, reserved 1048576K
GC Heap History (10 events):
Event: 3.510 GC heap before
{Heap before GC invocations=5 (full 0):
 PSYoungGen      total 70656K, used 35793K [0x00000000d6100000, 0x00000000dab00000, 0x0000000100000000)
  eden space 65536K, 46% used [0x00000000d6100000,0x00000000d7ef8e88,0x00000000da100000)
  from space 5120K, 99% used [0x00000000da600000,0x00000000daafb8c0,0x00000000dab00000)
  to   space 5120K, 0% used [0x00000000da100000,0x00000000da100000,0x00000000da600000)
 ParOldGen       total 86016K, used 3995K [0x0000000082200000, 0x0000000087600000, 0x00000000d6100000)
  object space 86016K, 4% used [0x0000000082200000,0x00000000825e6d10,0x0000000087600000)
 Metaspace       used 20533K, capacity 21230K, committed 21296K, reserved 1067008K
  class space    used 2663K, capacity 2849K, committed 2864K, reserved 1048576K
Event: 3.525 GC heap after
Heap after GC invocations=5 (full 0):
 PSYoungGen      total 70656K, used 5095K [0x00000000d6100000, 0x00000000dab00000, 0x0000000100000000)
  eden space 65536K, 0% used [0x00000000d6100000,0x00000000d6100000,0x00000000da100000)
  from space 5120K, 99% used [0x00000000da100000,0x00000000da5f9d50,0x00000000da600000)
  to   space 5120K, 0% used [0x00000000da600000,0x00000000da600000,0x00000000dab00000)
 ParOldGen       total 86016K, used 5954K [0x0000000082200000, 0x0000000087600000, 0x00000000d6100000)
  object space 86016K, 6% used [0x0000000082200000,0x00000000827d0af0,0x0000000087600000)
 Metaspace       used 20533K, capacity 21230K, committed 21296K, reserved 1067008K
  class space    used 2663K, capacity 2849K, committed 2864K, reserved 1048576K
}
Event: 3.525 GC heap before
{Heap before GC invocations=6 (full 1):
 PSYoungGen      total 70656K, used 5095K [0x00000000d6100000, 0x00000000dab00000, 0x0000000100000000)
  eden space 65536K, 0% used [0x00000000d6100000,0x00000000d6100000,0x00000000da100000)
  from space 5120K, 99% used [0x00000000da100000,0x00000000da5f9d50,0x00000000da600000)
  to   space 5120K, 0% used [0x00000000da600000,0x00000000da600000,0x00000000dab00000)
 ParOldGen       total 86016K, used 5954K [0x0000000082200000, 0x0000000087600000, 0x00000000d6100000)
  object space 86016K, 6% used [0x0000000082200000,0x00000000827d0af0,0x0000000087600000)
 Metaspace       used 20533K, capacity 21230K, committed 21296K, reserved 1067008K
  class space    used 2663K, capacity 2849K, committed 2864K, reserved 1048576K
Event: 3.564 GC heap after
Heap after GC invocations=6 (full 1):
 PSYoungGen      total 70656K, used 0K [0x00000000d6100000, 0x00000000dab00000, 0x0000000100000000)
  eden space 65536K, 0% used [0x00000000d6100000,0x00000000d6100000,0x00000000da100000)
  from space 5120K, 0% used [0x00000000da100000,0x00000000da100000,0x00000000da600000)
  to   space 5120K, 0% used [0x00000000da600000,0x00000000da600000,0x00000000dab00000)
 ParOldGen       total 54272K, used 6879K [0x0000000082200000, 0x0000000085700000, 0x00000000d6100000)
  object space 54272K, 12% used [0x0000000082200000,0x00000000828b7d58,0x0000000085700000)
 Metaspace       used 20533K, capacity 21230K, committed 21296K, reserved 1067008K
  class space    used 2663K, capacity 2849K, committed 2864K, reserved 1048576K
}
Event: 5.667 GC heap before
{Heap before GC invocations=7 (full 1):
 PSYoungGen      total 70656K, used 65536K [0x00000000d6100000, 0x00000000dab00000, 0x0000000100000000)
  eden space 65536K, 100% used [0x00000000d6100000,0x00000000da100000,0x00000000da100000)
  from space 5120K, 0% used [0x00000000da100000,0x00000000da100000,0x00000000da600000)
  to   space 5120K, 0% used [0x00000000da600000,0x00000000da600000,0x00000000dab00000)
 ParOldGen       total 54272K, used 6879K [0x0000000082200000, 0x0000000085700000, 0x00000000d6100000)
  object space 54272K, 12% used [0x0000000082200000,0x00000000828b7d58,0x0000000085700000)
 Metaspace       used 27033K, capacity 27976K, committed 28080K, reserved 1073152K
  class space    used 3535K, capacity 3754K, committed 3760K, reserved 1048576K
Event: 5.675 GC heap after
Heap after GC invocations=7 (full 1):
 PSYoungGen      total 67072K, used 5104K [0x00000000d6100000, 0x00000000dd900000, 0x0000000100000000)
  eden space 61952K, 0% used [0x00000000d6100000,0x00000000d6100000,0x00000000d9d80000)
  from space 5120K, 99% used [0x00000000da600000,0x00000000daafc2c0,0x00000000dab00000)
  to   space 8704K, 0% used [0x00000000d9d80000,0x00000000d9d80000,0x00000000da600000)
 ParOldGen       total 54272K, used 7787K [0x0000000082200000, 0x0000000085700000, 0x00000000d6100000)
  object space 54272K, 14% used [0x0000000082200000,0x000000008299acf0,0x0000000085700000)
 Metaspace       used 27033K, capacity 27976K, committed 28080K, reserved 1073152K
  class space    used 3535K, capacity 3754K, committed 3760K, reserved 1048576K
}
Event: 6.399 GC heap before
{Heap before GC invocations=8 (full 1):
 PSYoungGen      total 67072K, used 67056K [0x00000000d6100000, 0x00000000dd900000, 0x0000000100000000)
  eden space 61952K, 100% used [0x00000000d6100000,0x00000000d9d80000,0x00000000d9d80000)
  from space 5120K, 99% used [0x00000000da600000,0x00000000daafc2c0,0x00000000dab00000)
  to   space 8704K, 0% used [0x00000000d9d80000,0x00000000d9d80000,0x00000000da600000)
 ParOldGen       total 54272K, used 7787K [0x0000000082200000, 0x0000000085700000, 0x00000000d6100000)
  object space 54272K, 14% used [0x0000000082200000,0x000000008299acf0,0x0000000085700000)
 Metaspace       used 29078K, capacity 30196K, committed 30512K, reserved 1075200K
  class space    used 3796K, capacity 4046K, committed 4144K, reserved 1048576K
Event: 6.412 GC heap after
Heap after GC invocations=8 (full 1):
 PSYoungGen      total 70656K, used 6442K [0x00000000d6100000, 0x00000000dd280000, 0x0000000100000000)
  eden space 61952K, 0% used [0x00000000d6100000,0x00000000d6100000,0x00000000d9d80000)
  from space 8704K, 74% used [0x00000000d9d80000,0x00000000da3caae0,0x00000000da600000)
  to   space 8192K, 0% used [0x00000000dca80000,0x00000000dca80000,0x00000000dd280000)
 ParOldGen       total 54272K, used 7795K [0x0000000082200000, 0x0000000085700000, 0x00000000d6100000)
  object space 54272K, 14% used [0x0000000082200000,0x000000008299ccf0,0x0000000085700000)
 Metaspace       used 29078K, capacity 30196K, committed 30512K, reserved 1075200K
  class space    used 3796K, capacity 4046K, committed 4144K, reserved 1048576K
}
Event: 7.384 GC heap before
{Heap before GC invocations=9 (full 1):
 PSYoungGen      total 70656K, used 68394K [0x00000000d6100000, 0x00000000dd280000, 0x0000000100000000)
  eden space 61952K, 100% used [0x00000000d6100000,0x00000000d9d80000,0x00000000d9d80000)
  from space 8704K, 74% used [0x00000000d9d80000,0x00000000da3caae0,0x00000000da600000)
  to   space 8192K, 0% used [0x00000000dca80000,0x00000000dca80000,0x00000000dd280000)
 ParOldGen       total 54272K, used 7795K [0x0000000082200000, 0x0000000085700000, 0x00000000d6100000)
  object space 54272K, 14% used [0x0000000082200000,0x000000008299ccf0,0x0000000085700000)
 Metaspace       used 33504K, capacity 35064K, committed 35248K, reserved 1079296K
  class space    used 4365K, capacity 4664K, committed 4784K, reserved 1048576K
Event: 7.399 GC heap after
Heap after GC invocations=9 (full 1):
 PSYoungGen      total 107008K, used 8174K [0x00000000d6100000, 0x00000000dd400000, 0x0000000100000000)
  eden space 98816K, 0% used [0x00000000d6100000,0x00000000d6100000,0x00000000dc180000)
  from space 8192K, 99% used [0x00000000dca80000,0x00000000dd27ba60,0x00000000dd280000)
  to   space 9216K, 0% used [0x00000000dc180000,0x00000000dc180000,0x00000000dca80000)
 ParOldGen       total 54272K, used 8709K [0x0000000082200000, 0x0000000085700000, 0x00000000d6100000)
  object space 54272K, 16% used [0x0000000082200000,0x0000000082a81648,0x0000000085700000)
 Metaspace       used 33504K, capacity 35064K, committed 35248K, reserved 1079296K
  class space    used 4365K, capacity 4664K, committed 4784K, reserved 1048576K
}

