# JRE version: Java(TM) SE Runtime Environment (8.0_144-b01) (build 1.8.0_144-b01)
# Java VM: Java HotSpot(TM) 64-Bit Server VM (25.144-b01 mixed mode windows-amd64 compressed oops)
Heap:
 PSYoungGen      total 250880K, used 29658K [0x00000000d6100000, 0x00000000e9200000, 0x0000000100000000)
  eden space 230400K, 12% used [0x00000000d6100000,0x00000000d7df6aa0,0x00000000e4200000)
  from space 20480K, 0% used [0x00000000e4200000,0x00000000e4200000,0x00000000e5600000)
  to   space 20480K, 0% used [0x00000000e7e00000,0x00000000e7e00000,0x00000000e9200000)
 ParOldGen       total 138240K, used 33420K [0x0000000082200000, 0x000000008a900000, 0x00000000d6100000)
  object space 138240K, 24% used [0x0000000082200000,0x00000000842a3278,0x000000008a900000)
 Metaspace       used 64322K, capacity 67093K, committed 67368K, reserved 1107968K
  class space    used 7887K, capacity 8377K, committed 8488K, reserved 1048576K
GC Heap History (10 events):
Event: 228.859 GC heap before
{Heap before GC invocations=16 (full 3):
 PSYoungGen      total 250368K, used 66940K [0x00000000d6100000, 0x00000000e6a80000, 0x0000000100000000)
  eden space 228864K, 25% used [0x00000000d6100000,0x00000000d9afe260,0x00000000e4080000)
  from space 21504K, 35% used [0x00000000e5500000,0x00000000e5c61168,0x00000000e6a00000)
  to   space 20992K, 0% used [0x00000000e4080000,0x00000000e4080000,0x00000000e5500000)
 ParOldGen       total 138240K, used 34118K [0x0000000082200000, 0x000000008a900000, 0x00000000d6100000)
  object space 138240K, 24% used [0x0000000082200000,0x0000000084351860,0x000000008a900000)
 Metaspace       used 63035K, capacity 65707K, committed 65960K, reserved 1107968K
  class space    used 7816K, capacity 8268K, committed 8360K, reserved 1048576K
Event: 228.903 GC heap after
Heap after GC invocations=16 (full 3):
 PSYoungGen      total 249856K, used 3270K [0x00000000d6100000, 0x00000000e6a80000, 0x0000000100000000)
  eden space 228864K, 0% used [0x00000000d6100000,0x00000000d6100000,0x00000000e4080000)
  from space 20992K, 15% used [0x00000000e4080000,0x00000000e43b1920,0x00000000e5500000)
  to   space 20992K, 0% used [0x00000000e5600000,0x00000000e5600000,0x00000000e6a80000)
 ParOldGen       total 138240K, used 34126K [0x0000000082200000, 0x000000008a900000, 0x00000000d6100000)
  object space 138240K, 24% used [0x0000000082200000,0x0000000084353860,0x000000008a900000)
 Metaspace       used 63035K, capacity 65707K, committed 65960K, reserved 1107968K
  class space    used 7816K, capacity 8268K, committed 8360K, reserved 1048576K
}
Event: 228.903 GC heap before
{Heap before GC invocations=17 (full 4):
 PSYoungGen      total 249856K, used 3270K [0x00000000d6100000, 0x00000000e6a80000, 0x0000000100000000)
  eden space 228864K, 0% used [0x00000000d6100000,0x00000000d6100000,0x00000000e4080000)
  from space 20992K, 15% used [0x00000000e4080000,0x00000000e43b1920,0x00000000e5500000)
  to   space 20992K, 0% used [0x00000000e5600000,0x00000000e5600000,0x00000000e6a80000)
 ParOldGen       total 138240K, used 34126K [0x0000000082200000, 0x000000008a900000, 0x00000000d6100000)
  object space 138240K, 24% used [0x0000000082200000,0x0000000084353860,0x000000008a900000)
 Metaspace       used 63035K, capacity 65707K, committed 65960K, reserved 1107968K
  class space    used 7816K, capacity 8268K, committed 8360K, reserved 1048576K
Event: 229.386 GC heap after
Heap after GC invocations=17 (full 4):
 PSYoungGen      total 249856K, used 0K [0x00000000d6100000, 0x00000000e6a80000, 0x0000000100000000)
  eden space 228864K, 0% used [0x00000000d6100000,0x00000000d6100000,0x00000000e4080000)
  from space 20992K, 0% used [0x00000000e4080000,0x00000000e4080000,0x00000000e5500000)
  to   space 20992K, 0% used [0x00000000e5600000,0x00000000e5600000,0x00000000e6a80000)
 ParOldGen       total 138240K, used 30221K [0x0000000082200000, 0x000000008a900000, 0x00000000d6100000)
  object space 138240K, 21% used [0x0000000082200000,0x0000000083f83750,0x000000008a900000)
 Metaspace       used 63035K, capacity 65707K, committed 65960K, reserved 1107968K
  class space    used 7816K, capacity 8268K, committed 8360K, reserved 1048576K
}
Event: 246.926 GC heap before
{Heap before GC invocations=18 (full 4):
 PSYoungGen      total 249856K, used 228864K [0x00000000d6100000, 0x00000000e6a80000, 0x0000000100000000)
  eden space 228864K, 100% used [0x00000000d6100000,0x00000000e4080000,0x00000000e4080000)
  from space 20992K, 0% used [0x00000000e4080000,0x00000000e4080000,0x00000000e5500000)
  to   space 20992K, 0% used [0x00000000e5600000,0x00000000e5600000,0x00000000e6a80000)
 ParOldGen       total 138240K, used 30221K [0x0000000082200000, 0x000000008a900000, 0x00000000d6100000)
  object space 138240K, 21% used [0x0000000082200000,0x0000000083f83750,0x000000008a900000)
 Metaspace       used 64267K, capacity 67069K, committed 67368K, reserved 1107968K
  class space    used 7885K, capacity 8371K, committed 8488K, reserved 1048576K
Event: 246.974 GC heap after
Heap after GC invocations=18 (full 4):
 PSYoungGen      total 251392K, used 7529K [0x00000000d6100000, 0x00000000e9200000, 0x0000000100000000)
  eden space 230400K, 0% used [0x00000000d6100000,0x00000000d6100000,0x00000000e4200000)
  from space 20992K, 35% used [0x00000000e5600000,0x00000000e5d5a7a0,0x00000000e6a80000)
  to   space 20480K, 0% used [0x00000000e4200000,0x00000000e4200000,0x00000000e5600000)
 ParOldGen       total 138240K, used 30229K [0x0000000082200000, 0x000000008a900000, 0x00000000d6100000)
  object space 138240K, 21% used [0x0000000082200000,0x0000000083f85750,0x000000008a900000)
 Metaspace       used 64267K, capacity 67069K, committed 67368K, reserved 1107968K
  class space    used 7885K, capacity 8371K, committed 8488K, reserved 1048576K
}
Event: 248.726 GC heap before
{Heap before GC invocations=19 (full 4):
 PSYoungGen      total 251392K, used 14028K [0x00000000d6100000, 0x00000000e9200000, 0x0000000100000000)
  eden space 230400K, 2% used [0x00000000d6100000,0x00000000d6758a98,0x00000000e4200000)
  from space 20992K, 35% used [0x00000000e5600000,0x00000000e5d5a7a0,0x00000000e6a80000)
  to   space 20480K, 0% used [0x00000000e4200000,0x00000000e4200000,0x00000000e5600000)
 ParOldGen       total 138240K, used 30229K [0x0000000082200000, 0x000000008a900000, 0x00000000d6100000)
  object space 138240K, 21% used [0x0000000082200000,0x0000000083f85750,0x000000008a900000)
 Metaspace       used 64273K, capacity 67075K, committed 67368K, reserved 1107968K
  class space    used 7885K, capacity 8373K, committed 8488K, reserved 1048576K
Event: 248.737 GC heap after
Heap after GC invocations=19 (full 4):
 PSYoungGen      total 250880K, used 4178K [0x00000000d6100000, 0x00000000e9200000, 0x0000000100000000)
  eden space 230400K, 0% used [0x00000000d6100000,0x00000000d6100000,0x00000000e4200000)
  from space 20480K, 20% used [0x00000000e4200000,0x00000000e4614ba0,0x00000000e5600000)
  to   space 20480K, 0% used [0x00000000e7e00000,0x00000000e7e00000,0x00000000e9200000)
 ParOldGen       total 138240K, used 30237K [0x0000000082200000, 0x000000008a900000, 0x00000000d6100000)
  object space 138240K, 21% used [0x0000000082200000,0x0000000083f87750,0x000000008a900000)
 Metaspace       used 64273K, capacity 67075K, committed 67368K, reserved 1107968K
  class space    used 7885K, capacity 8373K, committed 8488K, reserved 1048576K
}
Event: 248.737 GC heap before
{Heap before GC invocations=20 (full 5):
 PSYoungGen      total 250880K, used 4178K [0x00000000d6100000, 0x00000000e9200000, 0x0000000100000000)
  eden space 230400K, 0% used [0x00000000d6100000,0x00000000d6100000,0x00000000e4200000)
  from space 20480K, 20% used [0x00000000e4200000,0x00000000e4614ba0,0x00000000e5600000)
  to   space 20480K, 0% used [0x00000000e7e00000,0x00000000e7e00000,0x00000000e9200000)
 ParOldGen       total 138240K, used 30237K [0x0000000082200000, 0x000000008a900000, 0x00000000d6100000)
  object space 138240K, 21% used [0x0000000082200000,0x0000000083f87750,0x000000008a900000)
 Metaspace       used 64273K, capacity 67075K, committed 67368K, reserved 1107968K
  class space    used 7885K, capacity 8373K, committed 8488K, reserved 1048576K
Event: 249.179 GC heap after
Heap after GC invocations=20 (full 5):
 PSYoungGen      total 250880K, used 0K [0x00000000d6100000, 0x00000000e9200000, 0x0000000100000000)
  eden space 230400K, 0% used [0x00000000d6100000,0x00000000d6100000,0x00000000e4200000)
  from space 20480K, 0% used [0x00000000e4200000,0x00000000e4200000,0x00000000e5600000)
  to   space 20480K, 0% used [0x00000000e7e00000,0x00000000e7e00000,0x00000000e9200000)
 ParOldGen       total 138240K, used 33420K [0x0000000082200000, 0x000000008a900000, 0x00000000d6100000)
  object space 138240K, 24% used [0x0000000082200000,0x00000000842a3278,0x000000008a900000)
 Metaspace       used 64261K, capacity 67057K, committed 67368K, reserved 1107968K
  class space    used 7884K, capacity 8370K, committed 8488K, reserved 1048576K
}

