# JRE version: Java(TM) SE Runtime Environment (8.0_144-b01) (build 1.8.0_144-b01)
# Java VM: Java HotSpot(TM) 64-Bit Server VM (25.144-b01 mixed mode windows-amd64 compressed oops)
Heap:
 PSYoungGen      total 282624K, used 59911K [0x00000000d6100000, 0x00000000e8b00000, 0x0000000100000000)
  eden space 260096K, 23% used [0x00000000d6100000,0x00000000d9b81e40,0x00000000e5f00000)
  from space 22528K, 0% used [0x00000000e7500000,0x00000000e7500000,0x00000000e8b00000)
  to   space 22528K, 0% used [0x00000000e5f00000,0x00000000e5f00000,0x00000000e7500000)
 ParOldGen       total 101376K, used 37567K [0x0000000082200000, 0x0000000088500000, 0x00000000d6100000)
  object space 101376K, 37% used [0x0000000082200000,0x00000000846afd50,0x0000000088500000)
 Metaspace       used 22493K, capacity 23458K, committed 23680K, reserved 1071104K
  class space    used 2564K, capacity 2836K, committed 2944K, reserved 1048576K
GC Heap History (10 events):
Event: 4.723 GC heap before
{Heap before GC invocations=5 (full 0):
 PSYoungGen      total 70656K, used 70624K [0x00000000d6100000, 0x00000000dab00000, 0x0000000100000000)
  eden space 65536K, 100% used [0x00000000d6100000,0x00000000da100000,0x00000000da100000)
  from space 5120K, 99% used [0x00000000da600000,0x00000000daaf8020,0x00000000dab00000)
  to   space 5120K, 0% used [0x00000000da100000,0x00000000da100000,0x00000000da600000)
 ParOldGen       total 86016K, used 10203K [0x0000000082200000, 0x0000000087600000, 0x00000000d6100000)
  object space 86016K, 11% used [0x0000000082200000,0x0000000082bf6d78,0x0000000087600000)
 Metaspace       used 17276K, capacity 17680K, committed 18048K, reserved 1064960K
  class space    used 2000K, capacity 2117K, committed 2176K, reserved 1048576K
Event: 4.742 GC heap after
Heap after GC invocations=5 (full 0):
 PSYoungGen      total 70656K, used 5104K [0x00000000d6100000, 0x00000000dfd00000, 0x0000000100000000)
  eden space 65536K, 0% used [0x00000000d6100000,0x00000000d6100000,0x00000000da100000)
  from space 5120K, 99% used [0x00000000da100000,0x00000000da5fc010,0x00000000da600000)
  to   space 14336K, 0% used [0x00000000def00000,0x00000000def00000,0x00000000dfd00000)
 ParOldGen       total 86016K, used 19272K [0x0000000082200000, 0x0000000087600000, 0x00000000d6100000)
  object space 86016K, 22% used [0x0000000082200000,0x00000000834d23d0,0x0000000087600000)
 Metaspace       used 17276K, capacity 17680K, committed 18048K, reserved 1064960K
  class space    used 2000K, capacity 2117K, committed 2176K, reserved 1048576K
}
Event: 5.863 GC heap before
{Heap before GC invocations=6 (full 0):
 PSYoungGen      total 70656K, used 70640K [0x00000000d6100000, 0x00000000dfd00000, 0x0000000100000000)
  eden space 65536K, 100% used [0x00000000d6100000,0x00000000da100000,0x00000000da100000)
  from space 5120K, 99% used [0x00000000da100000,0x00000000da5fc010,0x00000000da600000)
  to   space 14336K, 0% used [0x00000000def00000,0x00000000def00000,0x00000000dfd00000)
 ParOldGen       total 86016K, used 19272K [0x0000000082200000, 0x0000000087600000, 0x00000000d6100000)
  object space 86016K, 22% used [0x0000000082200000,0x00000000834d23d0,0x0000000087600000)
 Metaspace       used 17885K, capacity 18380K, committed 18688K, reserved 1064960K
  class space    used 2036K, capacity 2195K, committed 2304K, reserved 1048576K
Event: 5.879 GC heap after
Heap after GC invocations=6 (full 0):
 PSYoungGen      total 144384K, used 11715K [0x00000000d6100000, 0x00000000dff00000, 0x0000000100000000)
  eden space 130048K, 0% used [0x00000000d6100000,0x00000000d6100000,0x00000000de000000)
  from space 14336K, 81% used [0x00000000def00000,0x00000000dfa70ff0,0x00000000dfd00000)
  to   space 15360K, 0% used [0x00000000de000000,0x00000000de000000,0x00000000def00000)
 ParOldGen       total 86016K, used 19280K [0x0000000082200000, 0x0000000087600000, 0x00000000d6100000)
  object space 86016K, 22% used [0x0000000082200000,0x00000000834d43d0,0x0000000087600000)
 Metaspace       used 17885K, capacity 18380K, committed 18688K, reserved 1064960K
  class space    used 2036K, capacity 2195K, committed 2304K, reserved 1048576K
}
Event: 7.745 GC heap before
{Heap before GC invocations=7 (full 0):
 PSYoungGen      total 144384K, used 141763K [0x00000000d6100000, 0x00000000dff00000, 0x0000000100000000)
  eden space 130048K, 100% used [0x00000000d6100000,0x00000000de000000,0x00000000de000000)
  from space 14336K, 81% used [0x00000000def00000,0x00000000dfa70ff0,0x00000000dfd00000)
  to   space 15360K, 0% used [0x00000000de000000,0x00000000de000000,0x00000000def00000)
 ParOldGen       total 86016K, used 19280K [0x0000000082200000, 0x0000000087600000, 0x00000000d6100000)
  object space 86016K, 22% used [0x0000000082200000,0x00000000834d43d0,0x0000000087600000)
 Metaspace       used 19437K, capacity 20196K, committed 20352K, reserved 1067008K
  class space    used 2215K, capacity 2414K, committed 2432K, reserved 1048576K
Event: 7.779 GC heap after
Heap after GC invocations=7 (full 0):
 PSYoungGen      total 145408K, used 15360K [0x00000000d6100000, 0x00000000e8b00000, 0x0000000100000000)
  eden space 130048K, 0% used [0x00000000d6100000,0x00000000d6100000,0x00000000de000000)
  from space 15360K, 100% used [0x00000000de000000,0x00000000def00000,0x00000000def00000)
  to   space 22528K, 0% used [0x00000000e7500000,0x00000000e7500000,0x00000000e8b00000)
 ParOldGen       total 86016K, used 29536K [0x0000000082200000, 0x0000000087600000, 0x00000000d6100000)
  object space 86016K, 34% used [0x0000000082200000,0x0000000083ed8390,0x0000000087600000)
 Metaspace       used 19437K, capacity 20196K, committed 20352K, reserved 1067008K
  class space    used 2215K, capacity 2414K, committed 2432K, reserved 1048576K
}
Event: 8.719 GC heap before
{Heap before GC invocations=8 (full 0):
 PSYoungGen      total 145408K, used 62203K [0x00000000d6100000, 0x00000000e8b00000, 0x0000000100000000)
  eden space 130048K, 36% used [0x00000000d6100000,0x00000000d8ebecb0,0x00000000de000000)
  from space 15360K, 100% used [0x00000000de000000,0x00000000def00000,0x00000000def00000)
  to   space 22528K, 0% used [0x00000000e7500000,0x00000000e7500000,0x00000000e8b00000)
 ParOldGen       total 86016K, used 29536K [0x0000000082200000, 0x0000000087600000, 0x00000000d6100000)
  object space 86016K, 34% used [0x0000000082200000,0x0000000083ed8390,0x0000000087600000)
 Metaspace       used 20385K, capacity 21198K, committed 21248K, reserved 1069056K
  class space    used 2308K, capacity 2559K, committed 2560K, reserved 1048576K
Event: 8.736 GC heap after
Heap after GC invocations=8 (full 0):
 PSYoungGen      total 282624K, used 14113K [0x00000000d6100000, 0x00000000e8b00000, 0x0000000100000000)
  eden space 260096K, 0% used [0x00000000d6100000,0x00000000d6100000,0x00000000e5f00000)
  from space 22528K, 62% used [0x00000000e7500000,0x00000000e82c8578,0x00000000e8b00000)
  to   space 22528K, 0% used [0x00000000e5f00000,0x00000000e5f00000,0x00000000e7500000)
 ParOldGen       total 86016K, used 32736K [0x0000000082200000, 0x0000000087600000, 0x00000000d6100000)
  object space 86016K, 38% used [0x0000000082200000,0x00000000841f83a0,0x0000000087600000)
 Metaspace       used 20385K, capacity 21198K, committed 21248K, reserved 1069056K
  class space    used 2308K, capacity 2559K, committed 2560K, reserved 1048576K
}
Event: 8.736 GC heap before
{Heap before GC invocations=9 (full 1):
 PSYoungGen      total 282624K, used 14113K [0x00000000d6100000, 0x00000000e8b00000, 0x0000000100000000)
  eden space 260096K, 0% used [0x00000000d6100000,0x00000000d6100000,0x00000000e5f00000)
  from space 22528K, 62% used [0x00000000e7500000,0x00000000e82c8578,0x00000000e8b00000)
  to   space 22528K, 0% used [0x00000000e5f00000,0x00000000e5f00000,0x00000000e7500000)
 ParOldGen       total 86016K, used 32736K [0x0000000082200000, 0x0000000087600000, 0x00000000d6100000)
  object space 86016K, 38% used [0x0000000082200000,0x00000000841f83a0,0x0000000087600000)
 Metaspace       used 20385K, capacity 21198K, committed 21248K, reserved 1069056K
  class space    used 2308K, capacity 2559K, committed 2560K, reserved 1048576K
Event: 8.925 GC heap after
Heap after GC invocations=9 (full 1):
 PSYoungGen      total 282624K, used 0K [0x00000000d6100000, 0x00000000e8b00000, 0x0000000100000000)
  eden space 260096K, 0% used [0x00000000d6100000,0x00000000d6100000,0x00000000e5f00000)
  from space 22528K, 0% used [0x00000000e7500000,0x00000000e7500000,0x00000000e8b00000)
  to   space 22528K, 0% used [0x00000000e5f00000,0x00000000e5f00000,0x00000000e7500000)
 ParOldGen       total 101376K, used 37567K [0x0000000082200000, 0x0000000088500000, 0x00000000d6100000)
  object space 101376K, 37% used [0x0000000082200000,0x00000000846afd50,0x0000000088500000)
 Metaspace       used 20385K, capacity 21198K, committed 21248K, reserved 1069056K
  class space    used 2308K, capacity 2559K, committed 2560K, reserved 1048576K
}

