# JRE version: Java(TM) SE Runtime Environment (8.0_144-b01) (build 1.8.0_144-b01)
# Java VM: Java HotSpot(TM) 64-Bit Server VM (25.144-b01 mixed mode windows-amd64 compressed oops)
Heap:
 PSYoungGen      total 262144K, used 143657K [0x00000000d6100000, 0x00000000e7580000, 0x0000000100000000)
  eden space 246784K, 52% used [0x00000000d6100000,0x00000000de008b10,0x00000000e5200000)
  from space 15360K, 88% used [0x00000000e5200000,0x00000000e5f41cc0,0x00000000e6100000)
  to   space 15360K, 0% used [0x00000000e6100000,0x00000000e6100000,0x00000000e7000000)
 ParOldGen       total 134144K, used 34354K [0x0000000082200000, 0x000000008a500000, 0x00000000d6100000)
  object space 134144K, 25% used [0x0000000082200000,0x000000008438cb98,0x000000008a500000)
 Metaspace       used 69715K, capacity 72348K, committed 72408K, reserved 1112064K
  class space    used 8704K, capacity 9174K, committed 9216K, reserved 1048576K
GC Heap History (10 events):
Event: 6.065 GC heap before
{Heap before GC invocations=12 (full 2):
 PSYoungGen      total 157184K, used 143872K [0x00000000d6100000, 0x00000000e3c00000, 0x0000000100000000)
  eden space 143872K, 100% used [0x00000000d6100000,0x00000000ded80000,0x00000000ded80000)
  from space 13312K, 0% used [0x00000000ded80000,0x00000000ded80000,0x00000000dfa80000)
  to   space 13312K, 0% used [0x00000000e2f00000,0x00000000e2f00000,0x00000000e3c00000)
 ParOldGen       total 88064K, used 15136K [0x0000000082200000, 0x0000000087800000, 0x00000000d6100000)
  object space 88064K, 17% used [0x0000000082200000,0x00000000830c82a8,0x0000000087800000)
 Metaspace       used 43287K, capacity 44664K, committed 44888K, reserved 1089536K
  class space    used 5378K, capacity 5662K, committed 5760K, reserved 1048576K
Event: 6.074 GC heap after
Heap after GC invocations=12 (full 2):
 PSYoungGen      total 199168K, used 9078K [0x00000000d6100000, 0x00000000e3800000, 0x0000000100000000)
  eden space 189952K, 0% used [0x00000000d6100000,0x00000000d6100000,0x00000000e1a80000)
  from space 9216K, 98% used [0x00000000e2f00000,0x00000000e37dd928,0x00000000e3800000)
  to   space 13312K, 0% used [0x00000000e1e00000,0x00000000e1e00000,0x00000000e2b00000)
 ParOldGen       total 88064K, used 15152K [0x0000000082200000, 0x0000000087800000, 0x00000000d6100000)
  object space 88064K, 17% used [0x0000000082200000,0x00000000830cc2b8,0x0000000087800000)
 Metaspace       used 43287K, capacity 44664K, committed 44888K, reserved 1089536K
  class space    used 5378K, capacity 5662K, committed 5760K, reserved 1048576K
}
Event: 7.634 GC heap before
{Heap before GC invocations=13 (full 2):
 PSYoungGen      total 199168K, used 199030K [0x00000000d6100000, 0x00000000e3800000, 0x0000000100000000)
  eden space 189952K, 100% used [0x00000000d6100000,0x00000000e1a80000,0x00000000e1a80000)
  from space 9216K, 98% used [0x00000000e2f00000,0x00000000e37dd928,0x00000000e3800000)
  to   space 13312K, 0% used [0x00000000e1e00000,0x00000000e1e00000,0x00000000e2b00000)
 ParOldGen       total 88064K, used 15152K [0x0000000082200000, 0x0000000087800000, 0x00000000d6100000)
  object space 88064K, 17% used [0x0000000082200000,0x00000000830cc2b8,0x0000000087800000)
 Metaspace       used 49429K, capacity 51240K, committed 51544K, reserved 1093632K
  class space    used 6120K, capacity 6470K, committed 6528K, reserved 1048576K
Event: 7.653 GC heap after
Heap after GC invocations=13 (full 2):
 PSYoungGen      total 206848K, used 13302K [0x00000000d6100000, 0x00000000e7000000, 0x0000000100000000)
  eden space 193536K, 0% used [0x00000000d6100000,0x00000000d6100000,0x00000000e1e00000)
  from space 13312K, 99% used [0x00000000e1e00000,0x00000000e2afd968,0x00000000e2b00000)
  to   space 15360K, 0% used [0x00000000e6100000,0x00000000e6100000,0x00000000e7000000)
 ParOldGen       total 88064K, used 16898K [0x0000000082200000, 0x0000000087800000, 0x00000000d6100000)
  object space 88064K, 19% used [0x0000000082200000,0x00000000832808c0,0x0000000087800000)
 Metaspace       used 49429K, capacity 51240K, committed 51544K, reserved 1093632K
  class space    used 6120K, capacity 6470K, committed 6528K, reserved 1048576K
}
Event: 8.986 GC heap before
{Heap before GC invocations=14 (full 2):
 PSYoungGen      total 206848K, used 169932K [0x00000000d6100000, 0x00000000e7000000, 0x0000000100000000)
  eden space 193536K, 80% used [0x00000000d6100000,0x00000000df9f5a50,0x00000000e1e00000)
  from space 13312K, 99% used [0x00000000e1e00000,0x00000000e2afd968,0x00000000e2b00000)
  to   space 15360K, 0% used [0x00000000e6100000,0x00000000e6100000,0x00000000e7000000)
 ParOldGen       total 88064K, used 16898K [0x0000000082200000, 0x0000000087800000, 0x00000000d6100000)
  object space 88064K, 19% used [0x0000000082200000,0x00000000832808c0,0x0000000087800000)
 Metaspace       used 56848K, capacity 58770K, committed 58968K, reserved 1101824K
  class space    used 7102K, capacity 7471K, committed 7552K, reserved 1048576K
Event: 9.020 GC heap after
Heap after GC invocations=14 (full 2):
 PSYoungGen      total 262144K, used 10774K [0x00000000d6100000, 0x00000000e7580000, 0x0000000100000000)
  eden space 246784K, 0% used [0x00000000d6100000,0x00000000d6100000,0x00000000e5200000)
  from space 15360K, 70% used [0x00000000e6100000,0x00000000e6b85af0,0x00000000e7000000)
  to   space 15360K, 0% used [0x00000000e5200000,0x00000000e5200000,0x00000000e6100000)
 ParOldGen       total 88064K, used 26529K [0x0000000082200000, 0x0000000087800000, 0x00000000d6100000)
  object space 88064K, 30% used [0x0000000082200000,0x0000000083be8768,0x0000000087800000)
 Metaspace       used 56848K, capacity 58770K, committed 58968K, reserved 1101824K
  class space    used 7102K, capacity 7471K, committed 7552K, reserved 1048576K
}
Event: 9.021 GC heap before
{Heap before GC invocations=15 (full 3):
 PSYoungGen      total 262144K, used 10774K [0x00000000d6100000, 0x00000000e7580000, 0x0000000100000000)
  eden space 246784K, 0% used [0x00000000d6100000,0x00000000d6100000,0x00000000e5200000)
  from space 15360K, 70% used [0x00000000e6100000,0x00000000e6b85af0,0x00000000e7000000)
  to   space 15360K, 0% used [0x00000000e5200000,0x00000000e5200000,0x00000000e6100000)
 ParOldGen       total 88064K, used 26529K [0x0000000082200000, 0x0000000087800000, 0x00000000d6100000)
  object space 88064K, 30% used [0x0000000082200000,0x0000000083be8768,0x0000000087800000)
 Metaspace       used 56848K, capacity 58770K, committed 58968K, reserved 1101824K
  class space    used 7102K, capacity 7471K, committed 7552K, reserved 1048576K
Event: 9.262 GC heap after
Heap after GC invocations=15 (full 3):
 PSYoungGen      total 262144K, used 0K [0x00000000d6100000, 0x00000000e7580000, 0x0000000100000000)
  eden space 246784K, 0% used [0x00000000d6100000,0x00000000d6100000,0x00000000e5200000)
  from space 15360K, 0% used [0x00000000e6100000,0x00000000e6100000,0x00000000e7000000)
  to   space 15360K, 0% used [0x00000000e5200000,0x00000000e5200000,0x00000000e6100000)
 ParOldGen       total 134144K, used 34346K [0x0000000082200000, 0x000000008a500000, 0x00000000d6100000)
  object space 134144K, 25% used [0x0000000082200000,0x000000008438ab98,0x000000008a500000)
 Metaspace       used 56848K, capacity 58770K, committed 58968K, reserved 1101824K
  class space    used 7102K, capacity 7471K, committed 7552K, reserved 1048576K
}
Event: 11.592 GC heap before
{Heap before GC invocations=16 (full 3):
 PSYoungGen      total 262144K, used 246784K [0x00000000d6100000, 0x00000000e7580000, 0x0000000100000000)
  eden space 246784K, 100% used [0x00000000d6100000,0x00000000e5200000,0x00000000e5200000)
  from space 15360K, 0% used [0x00000000e6100000,0x00000000e6100000,0x00000000e7000000)
  to   space 15360K, 0% used [0x00000000e5200000,0x00000000e5200000,0x00000000e6100000)
 ParOldGen       total 134144K, used 34346K [0x0000000082200000, 0x000000008a500000, 0x00000000d6100000)
  object space 134144K, 25% used [0x0000000082200000,0x000000008438ab98,0x000000008a500000)
 Metaspace       used 66999K, capacity 69338K, committed 69592K, reserved 1110016K
  class space    used 8258K, capacity 8671K, committed 8704K, reserved 1048576K
Event: 11.621 GC heap after
Heap after GC invocations=16 (full 3):
 PSYoungGen      total 262144K, used 13575K [0x00000000d6100000, 0x00000000e7580000, 0x0000000100000000)
  eden space 246784K, 0% used [0x00000000d6100000,0x00000000d6100000,0x00000000e5200000)
  from space 15360K, 88% used [0x00000000e5200000,0x00000000e5f41cc0,0x00000000e6100000)
  to   space 15360K, 0% used [0x00000000e6100000,0x00000000e6100000,0x00000000e7000000)
 ParOldGen       total 134144K, used 34354K [0x0000000082200000, 0x000000008a500000, 0x00000000d6100000)
  object space 134144K, 25% used [0x0000000082200000,0x000000008438cb98,0x000000008a500000)
 Metaspace       used 66999K, capacity 69338K, committed 69592K, reserved 1110016K
  class space    used 8258K, capacity 8671K, committed 8704K, reserved 1048576K
}

