# JRE version: Java(TM) SE Runtime Environment (8.0_144-b01) (build 1.8.0_144-b01)
# Java VM: Java HotSpot(TM) 64-Bit Server VM (25.144-b01 mixed mode windows-amd64 compressed oops)
Heap:
 PSYoungGen      total 212992K, used 52645K [0x00000000d6100000, 0x00000000e7700000, 0x0000000100000000)
  eden space 201216K, 20% used [0x00000000d6100000,0x00000000d88ef3a8,0x00000000e2580000)
  from space 11776K, 99% used [0x00000000e2580000,0x00000000e30fa080,0x00000000e3100000)
  to   space 14336K, 0% used [0x00000000e6900000,0x00000000e6900000,0x00000000e7700000)
 ParOldGen       total 90112K, used 18025K [0x0000000082200000, 0x0000000087a00000, 0x00000000d6100000)
  object space 90112K, 20% used [0x0000000082200000,0x000000008339a570,0x0000000087a00000)
 Metaspace       used 45251K, capacity 47320K, committed 47576K, reserved 1091584K
  class space    used 5703K, capacity 6074K, committed 6144K, reserved 1048576K
GC Heap History (10 events):
Event: 5.664 GC heap before
{Heap before GC invocations=9 (full 1):
 PSYoungGen      total 137216K, used 76274K [0x00000000d6100000, 0x00000000e1580000, 0x0000000100000000)
  eden space 128512K, 52% used [0x00000000d6100000,0x00000000da2fcb28,0x00000000dde80000)
  from space 8704K, 99% used [0x00000000dde80000,0x00000000de6fff18,0x00000000de700000)
  to   space 10752K, 0% used [0x00000000e0b00000,0x00000000e0b00000,0x00000000e1580000)
 ParOldGen       total 59904K, used 11269K [0x0000000082200000, 0x0000000085c80000, 0x00000000d6100000)
  object space 59904K, 18% used [0x0000000082200000,0x0000000082d017f0,0x0000000085c80000)
 Metaspace       used 34135K, capacity 35292K, committed 35416K, reserved 1079296K
  class space    used 4423K, capacity 4656K, committed 4736K, reserved 1048576K
Event: 5.680 GC heap after
Heap after GC invocations=9 (full 1):
 PSYoungGen      total 172544K, used 10746K [0x00000000d6100000, 0x00000000e3c00000, 0x0000000100000000)
  eden space 161792K, 0% used [0x00000000d6100000,0x00000000d6100000,0x00000000dff00000)
  from space 10752K, 99% used [0x00000000e0b00000,0x00000000e157ea28,0x00000000e1580000)
  to   space 12288K, 0% used [0x00000000dff00000,0x00000000dff00000,0x00000000e0b00000)
 ParOldGen       total 59904K, used 11353K [0x0000000082200000, 0x0000000085c80000, 0x00000000d6100000)
  object space 59904K, 18% used [0x0000000082200000,0x0000000082d16758,0x0000000085c80000)
 Metaspace       used 34135K, capacity 35292K, committed 35416K, reserved 1079296K
  class space    used 4423K, capacity 4656K, committed 4736K, reserved 1048576K
}
Event: 5.680 GC heap before
{Heap before GC invocations=10 (full 2):
 PSYoungGen      total 172544K, used 10746K [0x00000000d6100000, 0x00000000e3c00000, 0x0000000100000000)
  eden space 161792K, 0% used [0x00000000d6100000,0x00000000d6100000,0x00000000dff00000)
  from space 10752K, 99% used [0x00000000e0b00000,0x00000000e157ea28,0x00000000e1580000)
  to   space 12288K, 0% used [0x00000000dff00000,0x00000000dff00000,0x00000000e0b00000)
 ParOldGen       total 59904K, used 11353K [0x0000000082200000, 0x0000000085c80000, 0x00000000d6100000)
  object space 59904K, 18% used [0x0000000082200000,0x0000000082d16758,0x0000000085c80000)
 Metaspace       used 34135K, capacity 35292K, committed 35416K, reserved 1079296K
  class space    used 4423K, capacity 4656K, committed 4736K, reserved 1048576K
Event: 5.778 GC heap after
Heap after GC invocations=10 (full 2):
 PSYoungGen      total 172544K, used 0K [0x00000000d6100000, 0x00000000e3c00000, 0x0000000100000000)
  eden space 161792K, 0% used [0x00000000d6100000,0x00000000d6100000,0x00000000dff00000)
  from space 10752K, 0% used [0x00000000e0b00000,0x00000000e0b00000,0x00000000e1580000)
  to   space 12288K, 0% used [0x00000000dff00000,0x00000000dff00000,0x00000000e0b00000)
 ParOldGen       total 90112K, used 15270K [0x0000000082200000, 0x0000000087a00000, 0x00000000d6100000)
  object space 90112K, 16% used [0x0000000082200000,0x00000000830e9958,0x0000000087a00000)
 Metaspace       used 34135K, capacity 35292K, committed 35416K, reserved 1079296K
  class space    used 4423K, capacity 4656K, committed 4736K, reserved 1048576K
}
Event: 7.171 GC heap before
{Heap before GC invocations=11 (full 2):
 PSYoungGen      total 172544K, used 161792K [0x00000000d6100000, 0x00000000e3c00000, 0x0000000100000000)
  eden space 161792K, 100% used [0x00000000d6100000,0x00000000dff00000,0x00000000dff00000)
  from space 10752K, 0% used [0x00000000e0b00000,0x00000000e0b00000,0x00000000e1580000)
  to   space 12288K, 0% used [0x00000000dff00000,0x00000000dff00000,0x00000000e0b00000)
 ParOldGen       total 90112K, used 15270K [0x0000000082200000, 0x0000000087a00000, 0x00000000d6100000)
  object space 90112K, 16% used [0x0000000082200000,0x00000000830e9958,0x0000000087a00000)
 Metaspace       used 39117K, capacity 40490K, committed 40664K, reserved 1085440K
  class space    used 5056K, capacity 5351K, committed 5376K, reserved 1048576K
Event: 7.180 GC heap after
Heap after GC invocations=11 (full 2):
 PSYoungGen      total 174080K, used 5955K [0x00000000d6100000, 0x00000000e3e80000, 0x0000000100000000)
  eden space 161792K, 0% used [0x00000000d6100000,0x00000000d6100000,0x00000000dff00000)
  from space 12288K, 48% used [0x00000000dff00000,0x00000000e04d0e40,0x00000000e0b00000)
  to   space 11776K, 0% used [0x00000000e3300000,0x00000000e3300000,0x00000000e3e80000)
 ParOldGen       total 90112K, used 15278K [0x0000000082200000, 0x0000000087a00000, 0x00000000d6100000)
  object space 90112K, 16% used [0x0000000082200000,0x00000000830eb958,0x0000000087a00000)
 Metaspace       used 39117K, capacity 40490K, committed 40664K, reserved 1085440K
  class space    used 5056K, capacity 5351K, committed 5376K, reserved 1048576K
}
Event: 8.976 GC heap before
{Heap before GC invocations=12 (full 2):
 PSYoungGen      total 174080K, used 167747K [0x00000000d6100000, 0x00000000e3e80000, 0x0000000100000000)
  eden space 161792K, 100% used [0x00000000d6100000,0x00000000dff00000,0x00000000dff00000)
  from space 12288K, 48% used [0x00000000dff00000,0x00000000e04d0e40,0x00000000e0b00000)
  to   space 11776K, 0% used [0x00000000e3300000,0x00000000e3300000,0x00000000e3e80000)
 ParOldGen       total 90112K, used 15278K [0x0000000082200000, 0x0000000087a00000, 0x00000000d6100000)
  object space 90112K, 16% used [0x0000000082200000,0x00000000830eb958,0x0000000087a00000)
 Metaspace       used 41248K, capacity 42732K, committed 42840K, reserved 1087488K
  class space    used 5192K, capacity 5482K, committed 5504K, reserved 1048576K
Event: 8.995 GC heap after
Heap after GC invocations=12 (full 2):
 PSYoungGen      total 210944K, used 8145K [0x00000000d6100000, 0x00000000e3c80000, 0x0000000100000000)
  eden space 201216K, 0% used [0x00000000d6100000,0x00000000d6100000,0x00000000e2580000)
  from space 9728K, 83% used [0x00000000e3300000,0x00000000e3af4518,0x00000000e3c80000)
  to   space 11776K, 0% used [0x00000000e2580000,0x00000000e2580000,0x00000000e3100000)
 ParOldGen       total 90112K, used 15278K [0x0000000082200000, 0x0000000087a00000, 0x00000000d6100000)
  object space 90112K, 16% used [0x0000000082200000,0x00000000830eb958,0x0000000087a00000)
 Metaspace       used 41248K, capacity 42732K, committed 42840K, reserved 1087488K
  class space    used 5192K, capacity 5482K, committed 5504K, reserved 1048576K
}
Event: 10.923 GC heap before
{Heap before GC invocations=13 (full 2):
 PSYoungGen      total 210944K, used 209361K [0x00000000d6100000, 0x00000000e3c80000, 0x0000000100000000)
  eden space 201216K, 100% used [0x00000000d6100000,0x00000000e2580000,0x00000000e2580000)
  from space 9728K, 83% used [0x00000000e3300000,0x00000000e3af4518,0x00000000e3c80000)
  to   space 11776K, 0% used [0x00000000e2580000,0x00000000e2580000,0x00000000e3100000)
 ParOldGen       total 90112K, used 15278K [0x0000000082200000, 0x0000000087a00000, 0x00000000d6100000)
  object space 90112K, 16% used [0x0000000082200000,0x00000000830eb958,0x0000000087a00000)
 Metaspace       used 44820K, capacity 46934K, committed 47192K, reserved 1091584K
  class space    used 5660K, capacity 6009K, committed 6016K, reserved 1048576K
Event: 10.977 GC heap after
Heap after GC invocations=13 (full 2):
 PSYoungGen      total 212992K, used 11752K [0x00000000d6100000, 0x00000000e7700000, 0x0000000100000000)
  eden space 201216K, 0% used [0x00000000d6100000,0x00000000d6100000,0x00000000e2580000)
  from space 11776K, 99% used [0x00000000e2580000,0x00000000e30fa080,0x00000000e3100000)
  to   space 14336K, 0% used [0x00000000e6900000,0x00000000e6900000,0x00000000e7700000)
 ParOldGen       total 90112K, used 18025K [0x0000000082200000, 0x0000000087a00000, 0x00000000d6100000)
  object space 90112K, 20% used [0x0000000082200000,0x000000008339a570,0x0000000087a00000)
 Metaspace       used 44820K, capacity 46934K, committed 47192K, reserved 1091584K
  class space    used 5660K, capacity 6009K, committed 6016K, reserved 1048576K
}

